"Start of log file."
"F:/grau multimedia/TFG/tfg-github/TFGUOC/TFGUOC/Assets/Models/Coche1.max"
"Starting max loading and fbx conversion"
window = undefined
"Settings units"
"Before fbx export"
"After fbx export"
"Finished max loading and fbx conversion"
"F:/grau multimedia/TFG/tfg-github/TFGUOC/TFGUOC/Assets/Models/Coche1.max"
"Starting max loading and fbx conversion"
window = undefined
"Settings units"
"Before fbx export"
"After fbx export"
"Finished max loading and fbx conversion"
"F:/grau multimedia/TFG/tfg-github/TFGUOC/TFGUOC/Assets/Models/Coche1.max"
"Starting max loading and fbx conversion"
window = undefined
"Settings units"
"Before fbx export"
"After fbx export"
"Finished max loading and fbx conversion"
"F:/grau multimedia/TFG/tfg-github/TFGUOC/TFGUOC/Assets/Models/Coche1.max"
"Starting max loading and fbx conversion"
window = undefined
"Settings units"
"Before fbx export"
"After fbx export"
"Finished max loading and fbx conversion"
